[2025/02/25 14;53;23][      ][       1]:     -164.062500,-382.812500,16039.062500,0.000,0.000,0.000,-2487,8768,-20915,-1.478,0.533,-16.551
[2025/02/25 14;53;23][      ][       2]:     -195.312500,-382.812500,15960.937500,0.000,0.000,0.000,-2486,8761,-20928,-1.478,0.533,-16.551
[2025/02/25 14;53;23][      ][       3]:     -140.625000,-406.250000,15968.750000,0.000,0.000,0.000,-2486,8766,-20877,-1.478,0.533,-16.551
[2025/02/25 14;53;23][      ][       4]:     -156.250000,-445.312500,15992.187500,0.000,0.000,0.000,-2494,8782,-20924,-1.478,0.533,-16.551
[2025/02/25 14;53;23][      ][       5]:     -148.437500,-429.687500,15992.187500,0.000,0.000,0.000,-2489,8769,-20898,-1.478,0.533,-16.551
[2025/02/25 14;53;23][      ][       6]:     -164.062500,-421.875000,16007.812500,0.000,0.000,0.000,-2504,8779,-20943,-1.478,0.527,-16.551
[2025/02/25 14;53;23][      ][       7]:     -148.437500,-421.875000,16015.625000,0.000,0.000,0.000,-2499,8776,-20898,-1.478,0.527,-16.551
[2025/02/25 14;53;24][      ][       8]:     -85.937500,-445.312500,15984.375000,0.000,0.000,0.000,-2498,8769,-20935,-1.478,0.527,-16.551
[2025/02/25 14;53;24][      ][       9]:     -210.937500,-382.812500,16039.062500,0.000,0.000,0.000,-2494,8775,-20897,-1.478,0.527,-16.551
[2025/02/25 14;53;24][      ][      10]:     -132.812500,-414.062500,16015.625000,0.000,0.000,0.000,-2491,8772,-20877,-1.478,0.527,-16.551
[2025/02/25 14;53;24][  9.83][      11]:     -171.875000,-375.000000,16023.437500,0.000,0.000,0.000,-2493,8768,-20778,-1.483,0.527,-16.551
[2025/02/25 14;53;24][  9.83][      12]:     -148.437500,-375.000000,16015.625000,0.000,0.000,0.000,-2502,8769,-20856,-1.483,0.527,-16.551
[2025/02/25 14;53;24][  9.83][      13]:     -132.812500,-406.250000,15976.562500,0.000,0.000,0.000,-2497,8773,-20841,-1.483,0.527,-16.551
[2025/02/25 14;53;24][  9.83][      14]:     -132.812500,-390.625000,15960.937500,0.000,0.000,0.000,-2487,8762,-20876,-1.478,0.522,-16.551
[2025/02/25 14;53;24][  9.83][      15]:     -171.875000,-406.250000,16007.812500,0.000,0.000,0.000,-2495,8778,-20914,-1.478,0.522,-16.551
[2025/02/25 14;53;24][  9.83][      16]:     -125.000000,-429.687500,16039.062500,0.000,0.000,0.000,-2485,8779,-20964,-1.478,0.527,-16.551
[2025/02/25 14;53;24][  9.83][      17]:     -164.062500,-414.062500,15992.187500,0.000,0.000,0.000,-2485,8775,-20968,-1.478,0.527,-16.551
[2025/02/25 14;53;25][  9.83][      18]:     -148.437500,-437.500000,15992.187500,0.000,0.000,0.000,-2486,8765,-20962,-1.478,0.527,-16.551
[2025/02/25 14;53;25][  9.83][      19]:     -179.687500,-390.625000,16023.437500,0.000,0.000,0.000,-2501,8754,-20894,-1.478,0.522,-16.551
[2025/02/25 14;53;25][  9.83][      20]:     -125.000000,-406.250000,16000.000000,0.000,0.000,0.000,-2485,8759,-20835,-1.478,0.522,-16.551
[2025/02/25 14;53;25][  9.83][      21]:     -148.437500,-414.062500,15992.187500,0.000,0.000,0.000,-2502,8761,-20886,-1.478,0.522,-16.551
[2025/02/25 14;53;25][ 10.09][      22]:     -164.062500,-367.187500,15984.375000,0.000,0.000,0.000,-2498,8776,-20908,-1.478,0.522,-16.551
[2025/02/25 14;53;25][ 10.09][      23]:     -148.437500,-390.625000,16023.437500,0.000,0.000,0.000,-2492,8762,-20870,-1.478,0.522,-16.551
[2025/02/25 14;53;25][ 10.09][      24]:     -93.750000,-390.625000,15992.187500,0.000,0.000,0.000,-2490,8760,-20901,-1.478,0.522,-16.551
[2025/02/25 14;53;25][ 10.09][      25]:     -140.625000,-398.437500,16015.625000,0.000,0.000,0.000,-2499,8757,-20881,-1.478,0.516,-16.551
[2025/02/25 14;53;25][ 10.09][      26]:     -132.812500,-406.250000,16023.437500,0.000,0.000,0.000,-2492,8767,-20879,-1.478,0.516,-16.551
[2025/02/25 14;53;25][ 10.09][      27]:     -140.625000,-390.625000,15984.375000,0.000,0.000,0.000,-2487,8756,-20953,-1.478,0.516,-16.551
[2025/02/25 14;53;26][ 10.09][      28]:     -187.500000,-468.750000,15953.125000,0.000,0.000,0.000,-2491,8770,-20883,-1.478,0.516,-16.551
[2025/02/25 14;53;26][ 10.09][      29]:     -171.875000,-429.687500,15968.750000,0.000,0.000,0.000,-2497,8778,-20940,-1.478,0.516,-16.551
[2025/02/25 14;53;26][ 10.09][      30]:     -109.375000,-382.812500,16023.437500,0.000,0.000,0.000,-2489,8770,-20943,-1.478,0.516,-16.551
[2025/02/25 14;53;26][ 10.09][      31]:     -117.187500,-421.875000,16007.812500,0.000,0.000,0.000,-2489,8768,-20936,-1.478,0.516,-16.551
[2025/02/25 14;53;26][ 10.09][      32]:     -101.562500,-429.687500,16007.812500,0.000,0.000,0.000,-2481,8773,-20919,-1.478,0.516,-16.551
[2025/02/25 14;53;26][ 10.07][      33]:     -132.812500,-398.437500,16000.000000,0.000,0.000,0.000,-2499,8770,-20960,-1.483,0.516,-16.551
[2025/02/25 14;53;26][ 10.07][      34]:     -140.625000,-421.875000,16007.812500,0.000,0.000,0.000,-2485,8776,-20942,-1.478,0.522,-16.551
[2025/02/25 14;53;26][ 10.07][      35]:     -101.562500,-398.437500,15976.562500,0.000,0.000,0.000,-2493,8771,-20904,-1.478,0.522,-16.551
[2025/02/25 14;53;26][ 10.07][      36]:     -101.562500,-414.062500,16007.812500,0.000,0.000,0.000,-2492,8771,-20910,-1.478,0.522,-16.551
[2025/02/25 14;53;26][ 10.07][      37]:     -125.000000,-382.812500,16015.625000,-0.122,1.465,0.000,-2499,8780,-20922,-1.450,0.472,-16.545
[2025/02/25 14;53;27][ 10.07][      38]:     -70.312500,-93.750000,16570.312500,2.686,9.644,-5.554,-2477,8782,-20986,-1.533,0.873,-16.567
[2025/02/25 14;53;27][ 10.07][      39]:     -1562.500000,-507.812500,16093.750000,1.343,41.443,-2.136,-2213,8741,-21222,-0.868,5.889,-17.331
[2025/02/25 14;53;27][ 10.07][      40]:     -3210.937500,-320.312500,16023.437500,-0.366,85.266,1.892,-1651,8728,-21608,-0.917,12.145,-17.430
[2025/02/25 14;53;27][ 10.07][      41]:     -5851.562500,-31.250000,14890.625000,-1.282,92.896,4.272,-702,8775,-21971,-0.956,20.984,-17.287
[2025/02/25 14;53;27][ 10.07][      42]:     -7960.937500,-93.750000,13554.687500,4.028,62.805,-5.554,328,8856,-22120,-1.478,28.339,-17.534
[2025/02/25 14;53;27][ 10.07][      43]:     -9117.187500,-46.875000,12820.312500,2.686,37.720,-1.587,1075,8889,-22070,-1.472,33.206,-17.765
[2025/02/25 14;53;27][ 10.06][      44]:     -9671.875000,-742.187500,12890.625000,-3.540,27.222,5.310,1523,8896,-21985,-1.450,36.134,-18.045
[2025/02/25 14;53;27][ 10.06][      45]:     -10289.062500,-312.500000,12156.250000,0.000,21.606,0.427,1855,8924,-21897,-1.483,38.156,-17.150
[2025/02/25 14;53;27][ 10.06][      46]:     -10695.312500,-148.437500,11835.937500,-0.488,22.278,1.038,2094,8940,-21834,-1.478,40.232,-17.227
[2025/02/25 14;53;27][ 10.06][      47]:     -11328.125000,273.437500,10601.562500,-0.183,23.071,0.610,2360,8941,-21695,-1.450,43.044,-17.271
[2025/02/25 14;53;28][ 10.06][      48]:     -11859.375000,-421.875000,10304.687500,0.000,19.592,0.549,2617,8947,-21540,-1.406,45.807,-17.584
[2025/02/25 14;53;28][ 10.06][      49]:     -11984.375000,-210.937500,10367.187500,0.427,-14.587,-0.671,2763,8919,-21490,-1.373,45.989,-18.056
[2025/02/25 14;53;28][ 10.06][      50]:     -12093.750000,-390.625000,9984.375000,8.118,-53.650,-9.521,2608,8910,-21603,-1.362,43.017,-18.517
[2025/02/25 14;53;28][ 10.06][      51]:     -9320.312500,-484.375000,12179.687500,-10.254,-99.854,10.376,1935,8886,-21908,-1.434,34.711,-18.484
[2025/02/25 14;53;28][ 10.06][      52]:     -5757.812500,-546.875000,15414.062500,13.306,-139.526,-0.916,796,8855,-22136,-1.099,23.780,-18.386
[2025/02/25 14;53;28][ 10.06][      53]:     -2593.750000,-296.875000,16312.500000,1.160,-137.268,-2.502,-714,8737,-22019,-0.945,11.426,-18.402
[2025/02/25 14;53;28][ 10.06][      54]:     -515.625000,-484.375000,16031.250000,-1.526,-57.617,-1.160,-2059,8659,-21426,-1.324,2.791,-17.853
[2025/02/25 14;53;28][ 10.02][      55]:     -226.562500,-398.437500,15960.937500,0.244,-0.854,-0.183,-2597,8681,-21040,-1.434,1.511,-17.732
[2025/02/25 14;53;28][ 10.02][      56]:     -78.125000,70.312500,17296.875000,-3.540,10.498,0.916,-2696,8677,-20961,-1.478,1.538,-17.710
[2025/02/25 14;53;28][ 10.02][      57]:     -179.687500,-375.000000,15906.250000,-0.122,0.000,0.000,-2714,8667,-20944,-1.472,1.401,-17.688
[2025/02/25 14;53;29][ 10.02][      58]:     -125.000000,-429.687500,16031.250000,-0.183,0.366,0.000,-2704,8657,-20946,-1.461,1.346,-17.672
[2025/02/25 14;53;29][ 10.02][      59]:     -156.250000,-398.437500,16062.500000,0.000,-0.305,0.122,-2711,8658,-20913,-1.467,1.302,-17.650
[2025/02/25 14;53;29][ 10.02][      60]:     -93.750000,-421.875000,16023.437500,0.122,-0.122,0.061,-2707,8665,-20907,-1.461,1.258,-17.633
[2025/02/25 14;53;29][ 10.02][      61]:     -164.062500,-398.437500,15992.187500,-0.061,0.122,0.061,-2711,8651,-20925,-1.461,1.219,-17.617
[2025/02/25 14;53;29][ 10.02][      62]:     -109.375000,-421.875000,16039.062500,0.000,-0.061,0.000,-2716,8665,-20954,-1.461,1.176,-17.600
[2025/02/25 14;53;29][ 10.02][      63]:     -125.000000,-421.875000,16000.000000,0.000,0.000,0.000,-2706,8666,-20942,-1.461,1.137,-17.584
[2025/02/25 14;53;29][ 10.02][      64]:     -171.875000,-437.500000,15960.937500,0.000,-0.122,0.000,-2718,8668,-20929,-1.456,1.099,-17.573
[2025/02/25 14;53;29][ 10.02][      65]:     -125.000000,-375.000000,15976.562500,0.000,0.061,0.000,-2707,8662,-20927,-1.461,1.066,-17.562
[2025/02/25 14;53;29][ 10.09][      66]:     -132.812500,-414.062500,16031.250000,0.061,0.000,0.000,-2714,8670,-20916,-1.456,1.033,-17.551
[2025/02/25 14;53;29][ 10.09][      67]:     -156.250000,-453.125000,16031.250000,0.061,0.000,0.000,-2720,8662,-20944,-1.456,1.005,-17.540
[2025/02/25 14;53;29][ 10.09][      68]:     -171.875000,-437.500000,16000.000000,-0.061,0.000,0.000,-2715,8665,-20945,-1.456,0.978,-17.529
[2025/02/25 14;53;30][ 10.09][      69]:     -156.250000,-453.125000,16289.062500,-0.183,0.244,0.000,-2719,8665,-20934,-1.461,0.950,-17.518
[2025/02/25 14;53;30][ 10.09][      70]:     -156.250000,-398.437500,16046.875000,0.122,-0.183,0.000,-2717,8671,-20935,-1.456,0.928,-17.507
[2025/02/25 14;53;30][ 10.09][      71]:     -132.812500,-421.875000,16007.812500,0.000,0.000,0.000,-2710,8652,-20898,-1.461,0.906,-17.501
[2025/02/25 14;53;30][ 10.09][      72]:     -117.187500,-414.062500,16000.000000,0.000,0.000,0.000,-2714,8647,-20923,-1.461,0.884,-17.490
[2025/02/25 14;53;30][ 10.09][      73]:     -148.437500,-445.312500,16000.000000,-0.122,0.061,0.000,-2707,8642,-20951,-1.456,0.862,-17.485
[2025/02/25 14;53;30][ 10.09][      74]:     -125.000000,-414.062500,16015.625000,0.061,-0.122,0.000,-2709,8655,-20945,-1.456,0.846,-17.474
[2025/02/25 14;53;30][ 10.09][      75]:     -148.437500,-375.000000,15984.375000,-0.061,0.000,0.000,-2694,8661,-20912,-1.456,0.824,-17.468
[2025/02/25 14;53;30][ 10.09][      76]:     -125.000000,-398.437500,16054.687500,0.122,-0.061,0.000,-2715,8668,-20960,-1.456,0.807,-17.463
[2025/02/25 14;53;30][ 10.07][      77]:     -93.750000,-390.625000,15984.375000,0.122,0.000,0.000,-2717,8659,-20976,-1.456,0.786,-17.457
[2025/02/25 14;53;30][ 10.07][      78]:     -187.500000,-406.250000,16023.437500,0.061,0.000,0.000,-2708,8667,-20951,-1.456,0.769,-17.452
[2025/02/25 14;53;31][ 10.07][      79]:     -210.937500,-398.437500,16007.812500,0.000,-0.122,0.000,-2715,8661,-20948,-1.456,0.753,-17.446
[2025/02/25 14;53;31][ 10.07][      80]:     -148.437500,-414.062500,16015.625000,0.000,0.000,0.000,-2705,8662,-20926,-1.456,0.736,-17.441
[2025/02/25 14;53;31][ 10.07][      81]:     -187.500000,-382.812500,16000.000000,0.000,0.000,0.000,-2707,8659,-20956,-1.456,0.725,-17.435
[2025/02/25 14;53;31][ 10.07][      82]:     -125.000000,-429.687500,16007.812500,0.122,0.000,0.000,-2703,8680,-20935,-1.456,0.709,-17.430
[2025/02/25 14;53;31][ 10.07][      83]:     -140.625000,-406.250000,16039.062500,0.061,-0.061,0.000,-2707,8669,-20921,-1.450,0.698,-17.424
[2025/02/25 14;53;31][ 10.07][      84]:     -140.625000,-390.625000,16015.625000,0.061,-0.061,0.000,-2714,8671,-20977,-1.450,0.687,-17.424
[2025/02/25 14;53;31][ 10.07][      85]:     -148.437500,-437.500000,15992.187500,0.000,0.061,0.000,-2710,8680,-20894,-1.456,0.676,-17.419
[2025/02/25 14;53;31][ 10.07][      86]:     -109.375000,-382.812500,16015.625000,0.061,0.061,0.000,-2721,8662,-20927,-1.450,0.670,-17.413
[2025/02/25 14;53;31][ 10.07][      87]:     -156.250000,-414.062500,15984.375000,0.000,-0.061,0.000,-2699,8662,-20958,-1.450,0.659,-17.413
[2025/02/25 14;53;31][ 10.03][      88]:     -179.687500,-406.250000,16015.625000,0.000,0.061,0.000,-2708,8654,-20961,-1.450,0.648,-17.408
