[2025/02/25 14;53;05][      ][       1]:     -125.000000,-437.500000,16085.937500,0.000,0.000,0.000,-2495,8770,-20923,-1.478,0.516,-16.727
[2025/02/25 14;53;05][      ][       2]:     -148.437500,-406.250000,16000.000000,0.000,0.000,0.000,-2499,8788,-20903,-1.478,0.516,-16.727
[2025/02/25 14;53;06][      ][       3]:     -132.812500,-398.437500,15984.375000,0.000,0.000,0.000,-2496,8775,-20965,-1.478,0.516,-16.727
[2025/02/25 14;53;06][      ][       4]:     -148.437500,-398.437500,16023.437500,0.000,0.000,0.000,-2503,8768,-20923,-1.478,0.516,-16.727
[2025/02/25 14;53;06][      ][       5]:     -148.437500,-406.250000,15968.750000,0.000,0.000,0.000,-2495,8769,-20976,-1.478,0.516,-16.727
[2025/02/25 14;53;06][      ][       6]:     -140.625000,-414.062500,16015.625000,0.000,0.000,0.000,-2485,8782,-21000,-1.478,0.516,-16.727
[2025/02/25 14;53;06][      ][       7]:     -117.187500,-421.875000,16007.812500,0.000,0.000,0.000,-2490,8770,-20941,-1.478,0.516,-16.727
[2025/02/25 14;53;06][      ][       8]:     -140.625000,-429.687500,16023.437500,0.000,0.000,0.000,-2489,8769,-20914,-1.478,0.516,-16.727
[2025/02/25 14;53;06][      ][       9]:     -179.687500,-406.250000,16007.812500,0.000,0.000,0.000,-2486,8773,-20945,-1.478,0.516,-16.727
[2025/02/25 14;53;06][      ][      10]:     -148.437500,-406.250000,16023.437500,0.000,0.000,0.000,-2490,8768,-20958,-1.478,0.516,-16.727
[2025/02/25 14;53;06][  9.97][      11]:     -203.125000,-382.812500,16031.250000,0.000,0.000,0.000,-2492,8781,-20899,-1.478,0.516,-16.727
[2025/02/25 14;53;06][  9.97][      12]:     -132.812500,-414.062500,15992.187500,0.000,0.000,0.000,-2478,8773,-20910,-1.478,0.511,-16.727
[2025/02/25 14;53;07][  9.97][      13]:     -156.250000,-429.687500,15953.125000,0.000,0.000,0.000,-2491,8770,-20895,-1.478,0.511,-16.727
[2025/02/25 14;53;07][  9.97][      14]:     -179.687500,-398.437500,16000.000000,0.000,0.000,0.000,-2511,8768,-20916,-1.478,0.511,-16.727
[2025/02/25 14;53;07][  9.97][      15]:     -132.812500,-429.687500,16000.000000,0.000,0.000,0.000,-2493,8784,-20936,-1.478,0.511,-16.727
[2025/02/25 14;53;07][  9.97][      16]:     -93.750000,-390.625000,15953.125000,0.000,0.000,0.000,-2500,8774,-20929,-1.478,0.511,-16.727
[2025/02/25 14;53;07][  9.97][      17]:     -85.937500,-390.625000,16023.437500,0.000,0.000,0.000,-2498,8780,-20933,-1.478,0.511,-16.727
[2025/02/25 14;53;07][  9.97][      18]:     -132.812500,-445.312500,16007.812500,0.000,0.000,0.000,-2488,8777,-20932,-1.478,0.511,-16.727
[2025/02/25 14;53;07][  9.97][      19]:     -148.437500,-429.687500,16007.812500,0.000,0.000,0.000,-2478,8769,-20905,-1.478,0.511,-16.727
[2025/02/25 14;53;07][  9.97][      20]:     -125.000000,-367.187500,16007.812500,0.000,0.000,0.000,-2499,8788,-20920,-1.478,0.511,-16.727
[2025/02/25 14;53;07][  9.97][      21]:     -156.250000,-406.250000,16000.000000,0.000,0.000,0.000,-2490,8788,-20909,-1.478,0.511,-16.727
[2025/02/25 14;53;07][ 10.09][      22]:     -132.812500,-382.812500,15976.562500,0.000,0.000,0.000,-2498,8791,-20944,-1.478,0.511,-16.727
[2025/02/25 14;53;08][ 10.09][      23]:     -156.250000,-406.250000,15976.562500,0.000,0.000,0.000,-2498,8778,-20943,-1.483,0.511,-16.727
[2025/02/25 14;53;08][ 10.09][      24]:     -179.687500,-406.250000,16007.812500,0.000,0.000,0.000,-2501,8787,-20946,-1.478,0.511,-16.727
[2025/02/25 14;53;08][ 10.09][      25]:     -148.437500,-398.437500,15992.187500,0.000,0.000,0.000,-2493,8781,-20957,-1.478,0.511,-16.727
[2025/02/25 14;53;08][ 10.09][      26]:     -101.562500,-398.437500,16007.812500,0.122,-1.160,0.000,-2490,8780,-20965,-1.478,0.450,-16.727
[2025/02/25 14;53;08][ 10.09][      27]:     -132.812500,-390.625000,16023.437500,0.183,-0.244,0.000,-2502,8783,-20968,-1.478,0.478,-16.727
[2025/02/25 14;53;08][ 10.09][      28]:     -140.625000,-453.125000,15992.187500,0.000,-0.183,0.000,-2505,8778,-20988,-1.483,0.505,-16.727
[2025/02/25 14;53;08][ 10.09][      29]:     -132.812500,-476.562500,16015.625000,0.061,-0.061,0.000,-2478,8777,-20958,-1.483,0.505,-16.727
[2025/02/25 14;53;08][ 10.09][      30]:     -132.812500,-382.812500,16109.375000,-0.549,3.479,0.000,-2480,8770,-20924,-1.516,0.676,-16.732
[2025/02/25 14;53;08][ 10.09][      31]:     -132.812500,-312.500000,17296.875000,2.502,54.504,0.610,-2365,8814,-21051,-1.373,2.274,-15.458
[2025/02/25 14;53;08][ 10.09][      32]:     -2226.562500,-156.250000,15835.937500,-0.305,61.646,0.793,-1873,8814,-21399,-0.934,7.998,-15.694
[2025/02/25 14;53;09][ 10.07][      33]:     -4164.062500,-406.250000,14906.250000,-0.488,90.637,1.953,-1178,8835,-21753,-0.967,15.661,-16.161
[2025/02/25 14;53;09][ 10.07][      34]:     -6445.312500,-156.250000,14070.312500,-5.371,85.693,-5.615,-213,8861,-22005,-1.115,23.324,-16.205
[2025/02/25 14;53;09][ 10.07][      35]:     -8273.437500,-679.687500,13570.312500,1.892,42.908,-1.892,668,8928,-22058,-1.483,29.872,-16.771
[2025/02/25 14;53;09][ 10.07][      36]:     -9468.750000,-125.000000,12421.875000,2.930,35.034,-3.540,1246,8956,-22029,-1.489,33.629,-16.655
[2025/02/25 14;53;09][ 10.07][      37]:     -9632.812500,-351.562500,12679.687500,-4.028,15.198,5.371,1599,8955,-21951,-1.489,35.760,-16.826
[2025/02/25 14;53;09][ 10.07][      38]:     -10343.750000,-484.375000,12625.000000,2.930,25.085,-2.258,1850,8967,-21880,-1.483,37.634,-16.754
[2025/02/25 14;53;09][ 10.07][      39]:     -10640.625000,-398.437500,11453.125000,3.540,13.306,-3.418,2063,8971,-21802,-1.483,39.716,-16.974
[2025/02/25 14;53;09][ 10.07][      40]:     -11312.500000,93.750000,10351.562500,1.953,3.418,-2.075,2245,8960,-21748,-1.467,41.182,-17.040
[2025/02/25 14;53;09][ 10.07][      41]:     -10226.562500,-421.875000,11218.750000,2.441,-74.768,-5.310,2147,8938,-21835,-1.423,37.711,-17.908
[2025/02/25 14;53;09][ 10.07][      42]:     -7742.187500,-242.187500,13835.937500,-2.380,-108.276,1.282,1340,8907,-22040,-1.467,28.449,-18.111
[2025/02/25 14;53;10][ 10.07][      43]:     -5367.187500,-812.500000,14726.562500,-0.977,-96.436,1.953,229,8833,-22093,-0.972,19.545,-17.897
[2025/02/25 14;53;10][ 10.01][      44]:     -1468.750000,-1078.125000,16273.437500,0.000,-115.662,1.770,-906,8791,-21871,-0.928,8.915,-16.957
[2025/02/25 14;53;10][ 10.01][      45]:     781.250000,0.000000,20398.437500,-15.137,-48.462,11.780,-1975,8785,-21285,-1.489,1.373,-15.826
[2025/02/25 14;53;10][ 10.01][      46]:     -1898.437500,343.750000,16148.437500,-0.732,0.183,-10.498,-2338,8799,-21031,-1.423,1.198,-15.848
[2025/02/25 14;53;10][ 10.01][      47]:     -85.937500,-375.000000,16078.125000,-0.122,0.183,0.000,-2467,8781,-20956,-1.456,1.170,-16.727
[2025/02/25 14;53;10][ 10.01][      48]:     -171.875000,-414.062500,15960.937500,-0.061,0.244,0.000,-2485,8771,-20953,-1.467,1.187,-16.716
[2025/02/25 14;53;10][ 10.01][      49]:     -140.625000,-406.250000,16062.500000,0.061,-0.183,0.000,-2494,8763,-20977,-1.472,1.148,-16.710
[2025/02/25 14;53;10][ 10.01][      50]:     -171.875000,-390.625000,16007.812500,0.000,-0.366,0.000,-2488,8770,-20984,-1.478,1.115,-16.699
[2025/02/25 14;53;10][ 10.01][      51]:     -156.250000,-398.437500,15984.375000,0.122,-0.183,-0.061,-2493,8761,-20958,-1.478,1.088,-16.688
[2025/02/25 14;53;10][ 10.01][      52]:     -132.812500,-421.875000,16007.812500,-0.061,0.122,0.000,-2491,8763,-20902,-1.483,1.055,-16.683
[2025/02/25 14;53;11][ 10.01][      53]:     -179.687500,-414.062500,16015.625000,0.000,0.000,0.000,-2487,8753,-20840,-1.483,1.022,-16.672
[2025/02/25 14;53;11][ 10.01][      54]:     -117.187500,-429.687500,16007.812500,-0.244,0.061,0.000,-2492,8767,-20868,-1.489,0.994,-16.666
[2025/02/25 14;53;11][ 10.07][      55]:     -132.812500,-406.250000,16039.062500,-0.122,0.000,0.000,-2482,8759,-20860,-1.489,0.967,-16.661
[2025/02/25 14;53;11][ 10.07][      56]:     -171.875000,-398.437500,15953.125000,0.000,-0.061,0.000,-2503,8767,-20807,-1.489,0.939,-16.655
[2025/02/25 14;53;11][ 10.07][      57]:     -85.937500,-421.875000,15968.750000,0.000,0.000,0.000,-2487,8759,-20811,-1.494,0.912,-16.644
[2025/02/25 14;53;11][ 10.07][      58]:     -109.375000,-414.062500,16023.437500,-0.061,0.000,0.000,-2487,8762,-20824,-1.494,0.890,-16.639
[2025/02/25 14;53;11][ 10.07][      59]:     -156.250000,-421.875000,15984.375000,-0.183,0.000,0.000,-2483,8761,-20812,-1.494,0.868,-16.633
[2025/02/25 14;53;11][ 10.07][      60]:     -156.250000,-382.812500,16007.812500,-0.061,-0.061,0.000,-2489,8767,-20855,-1.500,0.846,-16.628
[2025/02/25 14;53;11][ 10.07][      61]:     -140.625000,-414.062500,15968.750000,0.000,-0.061,0.000,-2494,8759,-20858,-1.500,0.829,-16.628
[2025/02/25 14;53;11][ 10.07][      62]:     -148.437500,-406.250000,15984.375000,0.000,0.000,0.000,-2478,8755,-20919,-1.500,0.807,-16.622
[2025/02/25 14;53;12][ 10.07][      63]:     -125.000000,-414.062500,16031.250000,0.061,0.000,0.000,-2489,8764,-20903,-1.500,0.791,-16.617
[2025/02/25 14;53;12][ 10.07][      64]:     -140.625000,-429.687500,16023.437500,0.000,0.000,0.000,-2500,8773,-20907,-1.505,0.775,-16.611
[2025/02/25 14;53;12][ 10.07][      65]:     -156.250000,-437.500000,16007.812500,-0.122,-0.061,0.000,-2483,8755,-20812,-1.505,0.764,-16.611
[2025/02/25 14;53;12][ 10.07][      66]:     -156.250000,-390.625000,15953.125000,-0.122,-0.122,0.000,-2507,8773,-20847,-1.505,0.747,-16.606
[2025/02/25 14;53;12][ 10.07][      67]:     -171.875000,-421.875000,16015.625000,-0.122,-0.061,0.000,-2482,8785,-20906,-1.505,0.731,-16.600
[2025/02/25 14;53;12][ 10.07][      68]:     -164.062500,-367.187500,16023.437500,0.000,0.000,0.000,-2494,8775,-20859,-1.505,0.720,-16.600
[2025/02/25 14;53;12][ 10.07][      69]:     -156.250000,-414.062500,16000.000000,0.061,0.061,0.000,-2507,8772,-20896,-1.505,0.709,-16.595
[2025/02/25 14;53;12][ 10.07][      70]:     -85.937500,-406.250000,16007.812500,0.000,0.000,0.000,-2488,8769,-20883,-1.505,0.698,-16.595
[2025/02/25 14;53;12][ 10.07][      71]:     -203.125000,-429.687500,16000.000000,0.000,-0.061,0.000,-2498,8771,-20920,-1.511,0.687,-16.589
[2025/02/25 14;53;12][ 10.07][      72]:     -164.062500,-406.250000,16007.812500,-0.061,0.000,0.000,-2495,8778,-20876,-1.511,0.676,-16.589
[2025/02/25 14;53;13][ 10.07][      73]:     -218.750000,-414.062500,16015.625000,0.000,0.000,0.000,-2497,8777,-20768,-1.511,0.665,-16.584
[2025/02/25 14;53;13][ 10.07][      74]:     -156.250000,-414.062500,15953.125000,0.000,0.000,0.000,-2485,8751,-20797,-1.511,0.659,-16.584
[2025/02/25 14;53;13][ 10.07][      75]:     -171.875000,-437.500000,16031.250000,-0.122,-0.122,0.000,-2490,8767,-20883,-1.511,0.648,-16.584
[2025/02/25 14;53;13][ 10.07][      76]:     -117.187500,-414.062500,16015.625000,-0.122,0.000,0.000,-2485,8757,-20928,-1.511,0.643,-16.578
[2025/02/25 14;53;13][ 10.10][      77]:     -156.250000,-468.750000,16015.625000,-0.061,0.000,0.000,-2495,8771,-20907,-1.511,0.637,-16.578
[2025/02/25 14;53;13][ 10.10][      78]:     -125.000000,-437.500000,16015.625000,0.000,0.000,0.000,-2481,8764,-20851,-1.511,0.632,-16.578
[2025/02/25 14;53;13][ 10.10][      79]:     -117.187500,-406.250000,15992.187500,0.000,0.000,0.000,-2500,8756,-20948,-1.511,0.626,-16.573
[2025/02/25 14;53;13][ 10.10][      80]:     -156.250000,-421.875000,16015.625000,0.000,0.000,0.000,-2502,8779,-20910,-1.505,0.615,-16.573
[2025/02/25 14;53;13][ 10.10][      81]:     -195.312500,-429.687500,15976.562500,0.000,0.000,0.000,-2500,8767,-20920,-1.505,0.610,-16.573
[2025/02/25 14;53;13][ 10.10][      82]:     -164.062500,-414.062500,16015.625000,0.000,0.000,0.000,-2483,8767,-20891,-1.505,0.610,-16.573
[2025/02/25 14;53;14][ 10.10][      83]:     -109.375000,-414.062500,15992.187500,0.000,0.000,0.000,-2489,8769,-20886,-1.505,0.604,-16.567
[2025/02/25 14;53;14][ 10.10][      84]:     -179.687500,-421.875000,16007.812500,0.000,0.000,0.000,-2494,8767,-20940,-1.500,0.599,-16.567
[2025/02/25 14;53;14][ 10.10][      85]:     -164.062500,-414.062500,15976.562500,0.000,0.000,0.000,-2494,8772,-20958,-1.500,0.593,-16.567
[2025/02/25 14;53;14][ 10.10][      86]:     -117.187500,-359.375000,16000.000000,0.000,0.000,0.000,-2501,8765,-20935,-1.500,0.588,-16.567
[2025/02/25 14;53;14][ 10.10][      87]:     -171.875000,-429.687500,16015.625000,0.000,0.000,0.000,-2492,8765,-20931,-1.500,0.588,-16.562
[2025/02/25 14;53;14][ 10.06][      88]:     -171.875000,-421.875000,15953.125000,0.000,0.000,0.000,-2491,8762,-20937,-1.500,0.582,-16.562
[2025/02/25 14;53;14][ 10.06][      89]:     -148.437500,-421.875000,16000.000000,0.000,0.000,0.000,-2496,8761,-20906,-1.500,0.577,-16.562
[2025/02/25 14;53;14][ 10.06][      90]:     -148.437500,-429.687500,16007.812500,0.000,0.000,0.000,-2496,8779,-20895,-1.500,0.577,-16.562
[2025/02/25 14;53;14][ 10.06][      91]:     -101.562500,-429.687500,15992.187500,0.000,0.000,0.000,-2495,8777,-20906,-1.500,0.571,-16.562
[2025/02/25 14;53;14][ 10.06][      92]:     -164.062500,-398.437500,16015.625000,0.000,0.000,0.000,-2489,8761,-20984,-1.494,0.571,-16.562
[2025/02/25 14;53;15][ 10.06][      93]:     -242.187500,-414.062500,16015.625000,0.000,0.000,0.000,-2495,8772,-20914,-1.494,0.566,-16.562
