[2025/02/25 14;52;21][      ][       1]:     -179.687500,-406.250000,16007.812500,0.000,0.000,0.000,-2530,8791,-20933,-1.472,0.483,-15.540
[2025/02/25 14;52;21][      ][       2]:     -85.937500,-398.437500,16039.062500,0.000,0.000,0.000,-2534,8792,-20929,-1.467,0.483,-15.540
[2025/02/25 14;52;21][      ][       3]:     -109.375000,-367.187500,16007.812500,0.000,0.000,0.000,-2538,8808,-20987,-1.472,0.483,-15.540
[2025/02/25 14;52;21][      ][       4]:     -125.000000,-421.875000,16000.000000,0.000,0.000,0.000,-2531,8792,-20993,-1.472,0.483,-15.540
[2025/02/25 14;52;21][      ][       5]:     -117.187500,-429.687500,16015.625000,0.000,0.000,0.000,-2530,8812,-20945,-1.472,0.483,-15.540
[2025/02/25 14;52;22][      ][       6]:     -164.062500,-406.250000,15992.187500,0.000,0.000,0.000,-2516,8788,-20901,-1.472,0.483,-15.540
[2025/02/25 14;52;22][      ][       7]:     -101.562500,-359.375000,15976.562500,0.000,0.000,0.000,-2524,8793,-20954,-1.472,0.483,-15.540
[2025/02/25 14;52;22][      ][       8]:     -93.750000,-390.625000,15984.375000,0.000,0.000,0.000,-2522,8785,-20951,-1.467,0.483,-15.540
[2025/02/25 14;52;22][      ][       9]:     -148.437500,-406.250000,15960.937500,0.000,0.000,0.000,-2518,8810,-20986,-1.467,0.483,-15.540
[2025/02/25 14;52;22][      ][      10]:     -156.250000,-406.250000,15984.375000,0.000,0.000,0.000,-2525,8809,-20926,-1.467,0.483,-15.540
[2025/02/25 14;52;22][  9.79][      11]:     -85.937500,-414.062500,15992.187500,0.000,0.000,0.000,-2528,8807,-20949,-1.467,0.483,-15.540
[2025/02/25 14;52;22][  9.79][      12]:     -156.250000,-429.687500,15984.375000,0.000,0.000,0.000,-2543,8802,-20907,-1.467,0.483,-15.540
[2025/02/25 14;52;22][  9.79][      13]:     -171.875000,-492.187500,16000.000000,0.000,0.000,0.000,-2545,8807,-20931,-1.467,0.483,-15.540
[2025/02/25 14;52;22][  9.79][      14]:     -117.187500,-414.062500,15992.187500,0.000,0.000,0.000,-2535,8809,-20837,-1.467,0.483,-15.540
[2025/02/25 14;52;22][  9.79][      15]:     -117.187500,-359.375000,16039.062500,0.000,0.000,0.000,-2523,8805,-20935,-1.467,0.483,-15.540
[2025/02/25 14;52;23][  9.79][      16]:     -156.250000,-398.437500,16039.062500,0.000,0.000,0.000,-2521,8804,-20937,-1.467,0.483,-15.540
[2025/02/25 14;52;23][  9.79][      17]:     -109.375000,-382.812500,16046.875000,0.000,0.000,0.000,-2537,8795,-20981,-1.467,0.478,-15.540
[2025/02/25 14;52;23][  9.79][      18]:     -101.562500,-398.437500,16007.812500,0.000,0.000,0.000,-2537,8791,-21014,-1.467,0.478,-15.540
[2025/02/25 14;52;23][  9.79][      19]:     -140.625000,-421.875000,15953.125000,0.000,0.000,0.000,-2527,8814,-20916,-1.467,0.478,-15.540
[2025/02/25 14;52;23][  9.79][      20]:     -125.000000,-414.062500,15976.562500,0.000,0.000,0.000,-2529,8791,-20916,-1.467,0.478,-15.540
[2025/02/25 14;52;23][  9.79][      21]:     -164.062500,-421.875000,15992.187500,0.000,0.000,0.000,-2531,8786,-20904,-1.467,0.478,-15.540
[2025/02/25 14;52;23][ 10.08][      22]:     -164.062500,-375.000000,15968.750000,0.000,0.000,0.000,-2529,8788,-20903,-1.467,0.478,-15.540
[2025/02/25 14;52;23][ 10.08][      23]:     -171.875000,-414.062500,15968.750000,0.000,0.000,0.000,-2529,8805,-20945,-1.461,0.478,-15.540
[2025/02/25 14;52;23][ 10.08][      24]:     -148.437500,-437.500000,16031.250000,0.000,0.000,0.000,-2530,8808,-20986,-1.461,0.478,-15.540
[2025/02/25 14;52;23][ 10.08][      25]:     -109.375000,-421.875000,16046.875000,0.000,0.000,0.000,-2529,8799,-20906,-1.461,0.478,-15.540
[2025/02/25 14;52;24][ 10.08][      26]:     -93.750000,-390.625000,15976.562500,0.000,0.000,0.000,-2531,8801,-20917,-1.461,0.478,-15.540
[2025/02/25 14;52;24][ 10.08][      27]:     -93.750000,-421.875000,15929.687500,0.000,0.000,0.000,-2533,8800,-20931,-1.461,0.478,-15.540
[2025/02/25 14;52;24][ 10.08][      28]:     -171.875000,-414.062500,16023.437500,-0.183,1.282,0.000,-2522,8798,-20956,-1.478,0.571,-15.546
[2025/02/25 14;52;24][ 10.08][      29]:     414.062500,117.187500,18343.750000,4.578,-6.287,0.000,-2528,8809,-20980,-1.428,0.566,-15.546
[2025/02/25 14;52;24][ 10.08][      30]:     -562.500000,-257.812500,16375.000000,1.831,38.208,0.854,-2445,8810,-21101,-1.280,2.269,-15.381
[2025/02/25 14;52;24][ 10.08][      31]:     -1156.250000,-414.062500,16500.000000,-0.977,23.804,13.489,-2132,8795,-21386,-0.846,5.729,-15.958
[2025/02/25 14;52;24][ 10.08][      32]:     -3226.562500,-195.312500,15476.562500,-0.122,82.458,1.648,-1588,8829,-21664,-0.906,11.695,-15.007
[2025/02/25 14;52;24][ 10.07][      33]:     -5289.062500,-257.812500,14929.687500,-0.488,81.848,1.587,-692,8879,-21969,-0.923,19.325,-14.974
[2025/02/25 14;52;24][ 10.07][      34]:     -7203.125000,-468.750000,14093.750000,-6.409,63.232,1.526,250,8953,-22090,-1.412,26.466,-15.057
[2025/02/25 14;52;24][ 10.07][      35]:     -8726.562500,-39.062500,13617.187500,-3.296,48.828,6.836,966,9015,-22050,-1.412,30.679,-14.513
[2025/02/25 14;52;25][ 10.07][      36]:     -9398.437500,-226.562500,13234.375000,2.197,40.894,-1.831,1509,9040,-21983,-1.384,35.013,-14.793
[2025/02/25 14;52;25][ 10.07][      37]:     -10437.500000,-429.687500,12195.312500,0.183,44.495,1.099,1983,9025,-21857,-1.324,39.512,-15.606
[2025/02/25 14;52;25][ 10.07][      38]:     -11445.312500,-273.437500,11203.125000,-0.183,36.804,1.465,2452,9029,-21656,-1.302,43.923,-15.661
[2025/02/25 14;52;25][ 10.07][      39]:     -12671.875000,171.875000,9921.875000,-4.456,18.738,4.395,2838,9021,-21311,-1.302,46.807,-15.375
[2025/02/25 14;52;25][ 10.07][      40]:     -12125.000000,-492.187500,10093.750000,-3.479,3.235,3.052,3044,9022,-21172,-1.291,47.867,-15.276
[2025/02/25 14;52;25][ 10.07][      41]:     -12367.187500,-289.062500,9109.375000,6.531,-32.532,-6.714,3041,9025,-21125,-1.291,47.000,-15.826
[2025/02/25 14;52;25][ 10.07][      42]:     -10671.875000,-421.875000,10218.750000,8.179,-121.582,-11.902,2626,9004,-21494,-1.285,39.853,-16.403
[2025/02/25 14;52;25][  9.97][      43]:     -8210.937500,-1968.750000,12046.875000,8.728,-137.695,-5.493,1406,8966,-21981,-1.291,26.949,-16.880
[2025/02/25 14;52;25][  9.97][      44]:     -4093.750000,-601.562500,15382.812500,-0.916,-105.469,2.991,-36,8881,-22051,-0.791,16.095,-16.639
[2025/02/25 14;52;25][  9.97][      45]:     -1539.062500,-726.562500,15789.062500,-0.549,-120.361,18.005,-1269,8810,-21700,-0.758,5.960,-15.831
[2025/02/25 14;52;26][  9.97][      46]:     -234.375000,-359.375000,16015.625000,-2.258,-14.587,3.784,-2110,8836,-21161,-1.258,1.675,-15.189
[2025/02/25 14;52;26][  9.97][      47]:     54.687500,-367.187500,16187.500000,0.977,-5.676,-0.061,-2351,8842,-20937,-1.203,1.154,-15.013
[2025/02/25 14;52;26][  9.97][      48]:     0.000000,-390.625000,16046.875000,1.404,-4.578,0.000,-2378,8855,-20918,-1.346,1.357,-15.013
[2025/02/25 14;52;26][  9.97][      49]:     -101.562500,-429.687500,16031.250000,-0.244,0.671,0.000,-2391,8849,-20963,-1.346,1.324,-15.002
[2025/02/25 14;52;26][  9.97][      50]:     -179.687500,-367.187500,16039.062500,0.000,0.061,0.000,-2393,8854,-20907,-1.357,1.296,-14.996
[2025/02/25 14;52;26][  9.97][      51]:     -179.687500,-414.062500,15960.937500,0.000,0.183,0.000,-2390,8859,-20941,-1.357,1.252,-14.991
[2025/02/25 14;52;26][  9.97][      52]:     -148.437500,-398.437500,15992.187500,-0.183,0.305,0.000,-2391,8859,-20928,-1.362,1.203,-14.980
[2025/02/25 14;52;26][  9.97][      53]:     -148.437500,-445.312500,16007.812500,0.000,0.122,0.000,-2393,8859,-20933,-1.368,1.165,-14.974
[2025/02/25 14;52;26][ 10.12][      54]:     -132.812500,-382.812500,15984.375000,0.000,0.061,0.000,-2373,8839,-20857,-1.373,1.126,-14.969
[2025/02/25 14;52;26][ 10.12][      55]:     -117.187500,-437.500000,16015.625000,-0.061,-0.061,0.000,-2377,8851,-20919,-1.373,1.088,-14.958
[2025/02/25 14;52;27][ 10.12][      56]:     -156.250000,-351.562500,16062.500000,0.061,-0.183,0.000,-2396,8854,-20921,-1.373,1.049,-14.952
[2025/02/25 14;52;27][ 10.12][      57]:     -140.625000,-382.812500,15968.750000,0.000,0.000,0.000,-2386,8870,-20909,-1.379,1.016,-14.947
[2025/02/25 14;52;27][ 10.12][      58]:     -132.812500,-398.437500,16031.250000,0.122,-0.305,0.000,-2392,8854,-20866,-1.379,0.983,-14.941
[2025/02/25 14;52;27][ 10.12][      59]:     -117.187500,-437.500000,15960.937500,0.000,0.000,0.000,-2385,8859,-20872,-1.384,0.956,-14.936
[2025/02/25 14;52;27][ 10.12][      60]:     -156.250000,-382.812500,16023.437500,-0.061,0.000,0.000,-2384,8857,-20922,-1.384,0.928,-14.930
[2025/02/25 14;52;27][ 10.12][      61]:     -101.562500,-390.625000,15992.187500,-0.122,0.000,0.000,-2386,8855,-20906,-1.384,0.901,-14.925
[2025/02/25 14;52;27][ 10.12][      62]:     -109.375000,-414.062500,15984.375000,0.061,0.061,0.000,-2389,8859,-20913,-1.384,0.879,-14.925
[2025/02/25 14;52;27][ 10.12][      63]:     -140.625000,-414.062500,16132.812500,0.122,0.000,0.000,-2389,8849,-20930,-1.390,0.857,-14.919
[2025/02/25 14;52;27][ 10.12][      64]:     -125.000000,-437.500000,16000.000000,0.000,0.000,0.000,-2387,8844,-20867,-1.390,0.835,-14.914
[2025/02/25 14;52;27][ 10.07][      65]:     -109.375000,-421.875000,16007.812500,-0.061,0.061,0.000,-2392,8856,-20909,-1.390,0.813,-14.908
[2025/02/25 14;52;28][ 10.07][      66]:     -125.000000,-414.062500,15960.937500,-0.122,0.061,0.000,-2398,8871,-20890,-1.390,0.791,-14.908
[2025/02/25 14;52;28][ 10.07][      67]:     -164.062500,-343.750000,16093.750000,0.000,0.000,0.000,-2385,8850,-20878,-1.395,0.775,-14.903
[2025/02/25 14;52;28][ 10.07][      68]:     -125.000000,-390.625000,16085.937500,0.000,0.000,0.000,-2389,8842,-20823,-1.390,0.764,-14.897
[2025/02/25 14;52;28][ 10.07][      69]:     -117.187500,-398.437500,15984.375000,0.000,-0.061,0.000,-2389,8850,-20848,-1.390,0.747,-14.897
[2025/02/25 14;52;28][ 10.07][      70]:     -101.562500,-390.625000,16109.375000,0.000,-0.061,0.000,-2394,8851,-20886,-1.390,0.731,-14.892
[2025/02/25 14;52;28][ 10.07][      71]:     -140.625000,-429.687500,15976.562500,0.000,-0.122,0.000,-2380,8846,-20843,-1.395,0.714,-14.892
[2025/02/25 14;52;28][ 10.07][      72]:     -171.875000,-429.687500,16023.437500,0.000,0.000,0.000,-2376,8838,-20778,-1.395,0.703,-14.892
[2025/02/25 14;52;28][ 10.07][      73]:     -148.437500,-414.062500,16039.062500,-0.061,0.000,0.000,-2392,8836,-20794,-1.401,0.692,-14.886
[2025/02/25 14;52;28][ 10.07][      74]:     -109.375000,-445.312500,16054.687500,0.061,0.000,0.000,-2395,8849,-20797,-1.401,0.676,-14.886
[2025/02/25 14;52;28][ 10.07][      75]:     -171.875000,-414.062500,15960.937500,-0.122,0.122,0.000,-2391,8841,-20783,-1.406,0.659,-14.881
[2025/02/25 14;52;29][ 10.06][      76]:     -125.000000,-421.875000,16007.812500,0.000,-0.061,0.000,-2375,8843,-20798,-1.406,0.648,-14.881
[2025/02/25 14;52;29][ 10.06][      77]:     -187.500000,-406.250000,15898.437500,0.122,-0.122,0.000,-2389,8843,-20855,-1.406,0.637,-14.881
[2025/02/25 14;52;29][ 10.06][      78]:     -179.687500,-429.687500,15929.687500,0.122,0.000,0.000,-2393,8858,-20779,-1.406,0.626,-14.875
[2025/02/25 14;52;29][ 10.06][      79]:     -101.562500,-406.250000,15984.375000,-0.061,0.061,0.000,-2384,8847,-20758,-1.406,0.621,-14.875
[2025/02/25 14;52;29][ 10.06][      80]:     -85.937500,-437.500000,16000.000000,0.000,-0.061,0.000,-2391,8848,-20792,-1.412,0.610,-14.875
[2025/02/25 14;52;29][ 10.06][      81]:     -117.187500,-398.437500,16000.000000,0.000,0.000,0.000,-2400,8847,-20855,-1.412,0.604,-14.870
[2025/02/25 14;52;29][ 10.06][      82]:     -140.625000,-390.625000,15960.937500,0.000,0.000,0.000,-2387,8856,-20890,-1.412,0.599,-14.870
[2025/02/25 14;52;29][ 10.06][      83]:     -132.812500,-382.812500,16171.875000,0.000,0.000,0.000,-2373,8843,-20888,-1.417,0.593,-14.870
[2025/02/25 14;52;29][ 10.06][      84]:     -156.250000,-414.062500,16039.062500,0.000,0.000,0.000,-2377,8852,-20971,-1.417,0.588,-14.870
[2025/02/25 14;52;29][ 10.06][      85]:     -101.562500,-390.625000,16000.000000,0.000,0.000,0.000,-2391,8862,-20994,-1.423,0.582,-14.865
[2025/02/25 14;52;30][ 10.06][      86]:     -164.062500,-421.875000,16023.437500,0.000,0.000,0.000,-2389,8851,-20989,-1.423,0.571,-14.865
[2025/02/25 14;52;30][ 10.09][      87]:     -85.937500,-445.312500,16070.312500,0.000,0.000,0.000,-2384,8855,-21049,-1.423,0.566,-14.865
[2025/02/25 14;52;30][ 10.09][      88]:     -101.562500,-398.437500,15992.187500,0.000,0.000,0.000,-2380,8861,-20989,-1.428,0.560,-14.865
[2025/02/25 14;52;30][ 10.09][      89]:     -156.250000,-414.062500,15992.187500,0.000,0.000,0.000,-2390,8853,-20977,-1.428,0.555,-14.865
[2025/02/25 14;52;30][ 10.09][      90]:     -125.000000,-398.437500,15992.187500,0.000,0.000,0.000,-2403,8858,-20978,-1.428,0.549,-14.865
[2025/02/25 14;52;30][ 10.09][      91]:     -156.250000,-414.062500,15960.937500,0.000,0.000,0.000,-2383,8853,-20988,-1.428,0.544,-14.859
