[2025/02/25 14;52;40][      ][       1]:     -179.687500,-367.187500,16007.812500,0.000,0.000,0.000,-2391,8855,-21011,-1.461,0.483,-14.848
[2025/02/25 14;52;40][      ][       2]:     -93.750000,-421.875000,16015.625000,0.000,0.000,0.000,-2377,8857,-20927,-1.461,0.483,-14.848
[2025/02/25 14;52;40][      ][       3]:     -140.625000,-445.312500,15976.562500,0.000,0.000,0.000,-2392,8850,-20917,-1.461,0.483,-14.848
[2025/02/25 14;52;40][      ][       4]:     -132.812500,-382.812500,15976.562500,0.000,0.000,0.000,-2394,8849,-20932,-1.461,0.483,-14.848
[2025/02/25 14;52;41][      ][       5]:     -210.937500,-398.437500,16015.625000,0.000,0.000,0.000,-2372,8833,-21004,-1.461,0.483,-14.848
[2025/02/25 14;52;41][      ][       6]:     -164.062500,-429.687500,16007.812500,0.000,0.000,0.000,-2391,8863,-20970,-1.461,0.483,-14.848
[2025/02/25 14;52;41][      ][       7]:     -140.625000,-421.875000,16031.250000,0.000,0.000,0.000,-2393,8863,-20952,-1.461,0.483,-14.848
[2025/02/25 14;52;41][      ][       8]:     -101.562500,-398.437500,16007.812500,0.000,0.000,0.000,-2392,8856,-21001,-1.461,0.483,-14.848
[2025/02/25 14;52;41][      ][       9]:     -132.812500,-406.250000,16015.625000,0.000,0.000,0.000,-2389,8855,-20960,-1.461,0.483,-14.848
[2025/02/25 14;52;41][      ][      10]:     -117.187500,-367.187500,16054.687500,0.000,0.000,0.000,-2391,8853,-21029,-1.461,0.483,-14.848
[2025/02/25 14;52;41][  9.83][      11]:     -78.125000,-414.062500,16000.000000,0.000,0.000,0.000,-2394,8861,-21022,-1.461,0.478,-14.848
[2025/02/25 14;52;41][  9.83][      12]:     -117.187500,-460.937500,15984.375000,0.000,0.000,0.000,-2400,8869,-20993,-1.456,0.483,-14.848
[2025/02/25 14;52;41][  9.83][      13]:     -156.250000,-375.000000,16031.250000,0.000,0.000,0.000,-2375,8863,-20989,-1.456,0.483,-14.848
[2025/02/25 14;52;41][  9.83][      14]:     -132.812500,-359.375000,15968.750000,0.000,0.000,0.000,-2397,8869,-20997,-1.456,0.483,-14.848
[2025/02/25 14;52;42][  9.83][      15]:     -171.875000,-375.000000,16015.625000,0.000,0.000,0.000,-2397,8857,-21025,-1.456,0.483,-14.848
[2025/02/25 14;52;42][  9.83][      16]:     -132.812500,-398.437500,16000.000000,0.000,0.000,0.000,-2397,8848,-20987,-1.456,0.483,-14.848
[2025/02/25 14;52;42][  9.83][      17]:     -117.187500,-437.500000,16031.250000,0.000,0.000,0.000,-2385,8855,-20999,-1.456,0.483,-14.848
[2025/02/25 14;52;42][  9.83][      18]:     -93.750000,-398.437500,15992.187500,0.000,0.000,0.000,-2397,8865,-20999,-1.456,0.483,-14.848
[2025/02/25 14;52;42][  9.83][      19]:     -117.187500,-429.687500,16007.812500,0.000,0.000,0.000,-2387,8857,-21027,-1.456,0.483,-14.848
[2025/02/25 14;52;42][  9.83][      20]:     -109.375000,-382.812500,16015.625000,0.000,0.000,0.000,-2383,8862,-21055,-1.456,0.483,-14.848
[2025/02/25 14;52;42][  9.83][      21]:     -171.875000,-398.437500,16023.437500,0.000,0.000,0.000,-2391,8850,-20976,-1.456,0.483,-14.848
[2025/02/25 14;52;42][ 10.09][      22]:     -125.000000,-398.437500,16000.000000,0.000,0.000,0.000,-2391,8845,-20996,-1.461,0.483,-14.848
[2025/02/25 14;52;42][ 10.09][      23]:     -117.187500,-414.062500,15992.187500,0.000,0.000,0.000,-2384,8847,-20979,-1.461,0.483,-14.848
[2025/02/25 14;52;42][ 10.09][      24]:     -140.625000,-390.625000,16007.812500,0.000,0.000,0.000,-2382,8848,-21040,-1.461,0.483,-14.848
[2025/02/25 14;52;43][ 10.09][      25]:     -93.750000,-406.250000,15992.187500,0.000,0.000,0.000,-2395,8850,-21016,-1.461,0.483,-14.848
[2025/02/25 14;52;43][ 10.09][      26]:     -179.687500,-375.000000,16000.000000,0.000,0.000,0.000,-2394,8850,-21007,-1.461,0.483,-14.848
[2025/02/25 14;52;43][ 10.09][      27]:     -117.187500,-390.625000,16031.250000,0.000,0.000,0.000,-2391,8843,-21026,-1.461,0.483,-14.848
[2025/02/25 14;52;43][ 10.09][      28]:     -203.125000,-453.125000,15937.500000,-0.488,1.282,0.000,-2389,8850,-21022,-1.478,0.533,-14.848
[2025/02/25 14;52;43][ 10.09][      29]:     23.437500,-351.562500,16273.437500,2.747,-7.202,0.000,-2378,8851,-21043,-1.472,0.500,-14.848
[2025/02/25 14;52;43][ 10.09][      30]:     -132.812500,-437.500000,16023.437500,0.122,-0.122,0.000,-2385,8860,-21068,-1.456,0.483,-14.848
[2025/02/25 14;52;43][ 10.09][      31]:     -156.250000,-398.437500,15914.062500,-0.061,0.122,0.000,-2381,8855,-21016,-1.456,0.483,-14.848
[2025/02/25 14;52;43][ 10.09][      32]:     -578.125000,-476.562500,15203.125000,0.549,0.854,-15.808,-2376,8847,-21014,-1.489,0.643,-15.106
[2025/02/25 14;52;43][ 10.06][      33]:     226.562500,-789.062500,16617.187500,5.371,13.062,0.916,-2448,8807,-21001,-1.494,0.983,-16.111
[2025/02/25 14;52;43][ 10.06][      34]:     1070.312500,-2531.250000,14953.125000,33.447,61.035,-30.396,-2306,8792,-21156,-1.038,4.543,-16.776
[2025/02/25 14;52;44][ 10.06][      35]:     -3156.250000,-515.625000,16320.312500,0.244,117.981,-0.671,-1726,8750,-21608,-0.890,12.541,-17.232
[2025/02/25 14;52;44][ 10.06][      36]:     -6523.437500,-23.437500,14382.812500,-7.629,112.305,-6.165,-456,8815,-22023,-1.176,24.483,-17.238
[2025/02/25 14;52;44][ 10.06][      37]:     -9015.625000,-328.125000,12820.312500,-0.122,69.214,2.197,788,8877,-22114,-1.423,33.063,-17.974
[2025/02/25 14;52;44][ 10.06][      38]:     -10687.500000,203.125000,11835.937500,-0.793,49.316,2.319,1624,8917,-22009,-1.417,38.732,-17.886
[2025/02/25 14;52;44][ 10.06][      39]:     -11437.500000,-273.437500,10945.312500,1.465,41.809,-0.427,2201,8931,-21790,-1.384,42.990,-17.919
[2025/02/25 14;52;44][ 10.06][      40]:     -12367.187500,-226.562500,10304.687500,2.197,37.170,-0.671,2643,8940,-21569,-1.329,46.829,-18.287
[2025/02/25 14;52;44][ 10.06][      41]:     -12695.312500,-195.312500,9609.375000,0.000,20.996,0.671,2968,8938,-21327,-1.302,49.818,-18.369
[2025/02/25 14;52;44][ 10.06][      42]:     -13046.875000,-304.687500,8226.562500,-2.869,-18.860,1.709,3179,8938,-21161,-1.296,50.856,-18.281
[2025/02/25 14;52;44][ 10.06][      43]:     -11906.250000,-156.250000,10406.250000,-3.845,-64.941,1.892,3011,8949,-21321,-1.362,46.104,-17.611
[2025/02/25 14;52;44][  9.99][      44]:     -8210.937500,-312.500000,11968.750000,-1.831,-130.615,-0.916,2288,8931,-21784,-1.373,36.974,-17.732
[2025/02/25 14;52;45][  9.99][      45]:     -5453.125000,296.875000,17882.812500,3.235,-137.878,-3.479,917,8885,-22061,-0.923,22.676,-18.051
[2025/02/25 14;52;45][  9.99][      46]:     -1960.937500,-484.375000,17023.437500,-2.075,-118.896,15.686,-749,8797,-21898,-0.857,10.135,-17.353
[2025/02/25 14;52;45][  9.99][      47]:     984.375000,406.250000,20320.312500,-13.428,-49.377,-1.404,-1890,8782,-21307,-1.329,1.802,-16.479
[2025/02/25 14;52;45][  9.99][      48]:     -234.375000,-421.875000,15976.562500,0.366,-1.587,0.000,-2382,8794,-20990,-1.417,1.516,-16.837
[2025/02/25 14;52;45][  9.99][      49]:     23.437500,-312.500000,16609.375000,2.319,-4.456,-0.122,-2476,8775,-20898,-1.445,1.549,-16.826
[2025/02/25 14;52;45][  9.99][      50]:     -218.750000,-429.687500,15835.937500,-0.305,0.610,0.000,-2501,8763,-20833,-1.379,1.340,-16.820
[2025/02/25 14;52;45][  9.99][      51]:     -101.562500,-445.312500,16046.875000,-0.244,0.366,0.000,-2497,8779,-20902,-1.379,1.291,-16.815
[2025/02/25 14;52;45][  9.99][      52]:     -93.750000,-367.187500,16015.625000,0.183,-0.366,-0.122,-2482,8761,-20861,-1.384,1.241,-16.809
[2025/02/25 14;52;45][  9.99][      53]:     -171.875000,-421.875000,15968.750000,0.000,0.000,-0.061,-2494,8776,-20920,-1.390,1.208,-16.809
[2025/02/25 14;52;45][  9.99][      54]:     -156.250000,-437.500000,16007.812500,-0.122,0.000,0.000,-2490,8785,-20840,-1.395,1.165,-16.804
[2025/02/25 14;52;46][ 10.09][      55]:     -132.812500,-398.437500,16031.250000,0.061,0.000,0.000,-2487,8779,-20903,-1.395,1.126,-16.798
[2025/02/25 14;52;46][ 10.09][      56]:     -164.062500,-468.750000,15960.937500,0.061,0.000,0.000,-2492,8778,-20865,-1.395,1.088,-16.793
[2025/02/25 14;52;46][ 10.09][      57]:     -140.625000,-429.687500,16015.625000,-0.061,-0.061,0.000,-2485,8758,-20889,-1.401,1.055,-16.793
[2025/02/25 14;52;46][ 10.09][      58]:     -132.812500,-421.875000,15953.125000,0.061,-0.183,0.000,-2483,8779,-20826,-1.401,1.022,-16.787
[2025/02/25 14;52;46][ 10.09][      59]:     -164.062500,-437.500000,15992.187500,0.000,-0.122,0.000,-2489,8786,-20878,-1.401,0.989,-16.782
[2025/02/25 14;52;46][ 10.09][      60]:     -140.625000,-414.062500,16000.000000,0.061,-0.183,0.000,-2483,8772,-20908,-1.406,0.961,-16.782
[2025/02/25 14;52;46][ 10.09][      61]:     -179.687500,-406.250000,16023.437500,0.061,-0.061,0.000,-2494,8776,-20885,-1.406,0.934,-16.776
[2025/02/25 14;52;46][ 10.09][      62]:     -140.625000,-414.062500,15984.375000,0.000,0.000,0.000,-2495,8781,-20910,-1.406,0.906,-16.776
[2025/02/25 14;52;46][ 10.09][      63]:     -140.625000,-414.062500,16007.812500,0.122,-0.061,0.000,-2497,8783,-20941,-1.412,0.884,-16.771
[2025/02/25 14;52;46][ 10.09][      64]:     -156.250000,-390.625000,16007.812500,0.061,0.000,0.000,-2500,8778,-20935,-1.406,0.857,-16.771
[2025/02/25 14;52;47][ 10.09][      65]:     -140.625000,-382.812500,16023.437500,-0.061,0.000,0.000,-2491,8779,-20942,-1.412,0.835,-16.765
[2025/02/25 14;52;47][ 10.08][      66]:     -117.187500,-429.687500,15968.750000,0.061,-0.061,0.000,-2485,8773,-20835,-1.412,0.818,-16.765
[2025/02/25 14;52;47][ 10.08][      67]:     -125.000000,-398.437500,15984.375000,0.244,-0.061,0.000,-2485,8772,-20824,-1.412,0.797,-16.760
[2025/02/25 14;52;47][ 10.08][      68]:     -156.250000,-421.875000,16007.812500,0.061,0.000,0.000,-2491,8774,-20829,-1.417,0.780,-16.760
[2025/02/25 14;52;47][ 10.08][      69]:     -210.937500,-445.312500,16070.312500,0.000,0.183,0.000,-2496,8788,-20837,-1.423,0.764,-16.760
[2025/02/25 14;52;47][ 10.08][      70]:     -179.687500,-453.125000,15984.375000,0.000,-0.061,0.000,-2492,8788,-20842,-1.423,0.747,-16.754
[2025/02/25 14;52;47][ 10.08][      71]:     -148.437500,-468.750000,16015.625000,0.061,0.122,0.000,-2488,8786,-20899,-1.423,0.731,-16.754
[2025/02/25 14;52;47][ 10.08][      72]:     -156.250000,-429.687500,15984.375000,0.000,0.000,0.000,-2485,8785,-20841,-1.428,0.720,-16.754
