[2025/02/25 14;49;37][      ][       1]:     -140.625000,-398.437500,15976.562500,0.000,0.000,0.000,-2741,8735,-21075,-1.467,0.505,-18.243
[2025/02/25 14;49;37][      ][       2]:     -117.187500,-398.437500,16015.625000,0.000,0.000,0.000,-2744,8727,-21038,-1.467,0.505,-18.243
[2025/02/25 14;49;37][      ][       3]:     -156.250000,-406.250000,16015.625000,0.000,0.000,0.000,-2733,8738,-21113,-1.467,0.505,-18.243
[2025/02/25 14;49;37][      ][       4]:     -156.250000,-414.062500,15937.500000,0.000,0.000,0.000,-2733,8713,-21095,-1.467,0.505,-18.243
[2025/02/25 14;49;37][      ][       5]:     -148.437500,-445.312500,16000.000000,0.000,0.000,0.000,-2733,8709,-21121,-1.467,0.505,-18.243
[2025/02/25 14;49;37][      ][       6]:     -140.625000,-398.437500,16000.000000,0.000,0.000,0.000,-2744,8714,-21127,-1.467,0.505,-18.243
[2025/02/25 14;49;37][      ][       7]:     -156.250000,-429.687500,15960.937500,0.000,0.000,0.000,-2744,8708,-21085,-1.467,0.505,-18.243
[2025/02/25 14;49;37][      ][       8]:     -148.437500,-429.687500,15992.187500,0.000,0.000,0.000,-2742,8700,-21036,-1.467,0.505,-18.243
[2025/02/25 14;49;37][      ][       9]:     -148.437500,-429.687500,16031.250000,0.000,0.000,0.000,-2746,8721,-21032,-1.467,0.505,-18.243
[2025/02/25 14;49;37][      ][      10]:     -156.250000,-429.687500,15984.375000,0.000,0.000,0.000,-2740,8723,-21062,-1.467,0.505,-18.243
[2025/02/25 14;49;38][  9.42][      11]:     -195.312500,-414.062500,15976.562500,0.000,0.000,0.000,-2750,8707,-21018,-1.467,0.505,-18.243
[2025/02/25 14;49;38][  9.42][      12]:     -132.812500,-382.812500,16023.437500,0.000,0.000,0.000,-2740,8705,-21001,-1.467,0.505,-18.243
[2025/02/25 14;49;38][  9.42][      13]:     -132.812500,-414.062500,16007.812500,0.000,0.000,0.000,-2738,8706,-21077,-1.467,0.505,-18.243
[2025/02/25 14;49;38][  9.42][      14]:     -148.437500,-390.625000,16007.812500,0.000,0.000,0.000,-2741,8715,-21097,-1.467,0.505,-18.243
[2025/02/25 14;49;38][  9.42][      15]:     -132.812500,-390.625000,15992.187500,0.000,0.000,0.000,-2744,8716,-21103,-1.467,0.505,-18.243
[2025/02/25 14;49;38][  9.42][      16]:     -132.812500,-421.875000,15984.375000,0.000,0.000,0.000,-2727,8710,-21128,-1.467,0.505,-18.243
[2025/02/25 14;49;38][  9.42][      17]:     -117.187500,-429.687500,16031.250000,0.000,0.000,0.000,-2729,8713,-21071,-1.467,0.505,-18.243
[2025/02/25 14;49;38][  9.42][      18]:     -101.562500,-367.187500,16007.812500,0.000,0.000,0.000,-2730,8716,-21086,-1.467,0.505,-18.243
[2025/02/25 14;49;38][  9.42][      19]:     -148.437500,-406.250000,15976.562500,0.000,0.000,0.000,-2745,8716,-21072,-1.467,0.505,-18.243
[2025/02/25 14;49;38][  9.42][      20]:     -164.062500,-375.000000,15992.187500,0.000,0.000,0.000,-2745,8720,-21113,-1.467,0.505,-18.243
[2025/02/25 14;49;39][  9.42][      21]:     -156.250000,-375.000000,16023.437500,0.000,0.000,0.000,-2734,8712,-21042,-1.467,0.505,-18.243
[2025/02/25 14;49;39][ 10.08][      22]:     -156.250000,-414.062500,15960.937500,0.000,0.000,0.000,-2740,8722,-21008,-1.461,0.505,-18.243
[2025/02/25 14;49;39][ 10.08][      23]:     -179.687500,-390.625000,16023.437500,0.000,0.000,0.000,-2742,8723,-21074,-1.461,0.505,-18.243
[2025/02/25 14;49;39][ 10.08][      24]:     -164.062500,-406.250000,15992.187500,0.000,0.000,0.000,-2735,8728,-21049,-1.461,0.505,-18.243
[2025/02/25 14;49;39][ 10.08][      25]:     -148.437500,-367.187500,16007.812500,0.000,0.000,0.000,-2729,8724,-21075,-1.461,0.505,-18.243
[2025/02/25 14;49;39][ 10.08][      26]:     -125.000000,-445.312500,15984.375000,0.000,0.000,0.000,-2738,8717,-21088,-1.461,0.505,-18.243
[2025/02/25 14;49;39][ 10.08][      27]:     -109.375000,-421.875000,15992.187500,0.000,0.000,0.000,-2744,8731,-21012,-1.461,0.505,-18.243
[2025/02/25 14;49;39][ 10.08][      28]:     -195.312500,-421.875000,16000.000000,0.000,0.000,0.000,-2743,8731,-21075,-1.461,0.500,-18.243
[2025/02/25 14;49;39][ 10.08][      29]:     -125.000000,-406.250000,16000.000000,0.000,0.000,0.000,-2736,8732,-21025,-1.461,0.505,-18.243
[2025/02/25 14;49;39][ 10.08][      30]:     -179.687500,-398.437500,16000.000000,0.000,0.000,0.000,-2734,8720,-21090,-1.461,0.500,-18.243
[2025/02/25 14;49;40][ 10.08][      31]:     -164.062500,-406.250000,15976.562500,0.000,0.000,0.000,-2732,8722,-21091,-1.461,0.500,-18.243
[2025/02/25 14;49;40][ 10.08][      32]:     -132.812500,-437.500000,15968.750000,0.000,0.000,0.000,-2738,8720,-21044,-1.461,0.500,-18.243
[2025/02/25 14;49;40][ 10.07][      33]:     -117.187500,-445.312500,16000.000000,0.000,0.000,0.000,-2741,8721,-21050,-1.461,0.500,-18.243
[2025/02/25 14;49;40][ 10.07][      34]:     -125.000000,-398.437500,15984.375000,0.000,0.000,0.000,-2742,8723,-21048,-1.461,0.500,-18.243
[2025/02/25 14;49;40][ 10.07][      35]:     -125.000000,-375.000000,15992.187500,0.000,0.000,0.000,-2758,8720,-21100,-1.467,0.500,-18.243
[2025/02/25 14;49;40][ 10.07][      36]:     -132.812500,-406.250000,16000.000000,0.000,0.000,0.000,-2740,8713,-20974,-1.461,0.500,-18.243
[2025/02/25 14;49;40][ 10.07][      37]:     -148.437500,-398.437500,16054.687500,0.000,0.000,0.000,-2729,8727,-20997,-1.461,0.500,-18.243
[2025/02/25 14;49;40][ 10.07][      38]:     -85.937500,-445.312500,16015.625000,0.000,0.000,0.000,-2737,8730,-20910,-1.461,0.500,-18.243
[2025/02/25 14;49;40][ 10.07][      39]:     -156.250000,-414.062500,15960.937500,0.000,0.000,0.000,-2732,8720,-20962,-1.461,0.500,-18.243
[2025/02/25 14;49;40][ 10.07][      40]:     -117.187500,-390.625000,16085.937500,-0.122,-0.183,0.000,-2737,8719,-20915,-1.461,0.467,-18.243
[2025/02/25 14;49;41][ 10.07][      41]:     -125.000000,-414.062500,15960.937500,0.000,0.000,0.000,-2735,8706,-20969,-1.456,0.494,-18.243
[2025/02/25 14;49;41][ 10.07][      42]:     -156.250000,-421.875000,15976.562500,-0.061,0.183,0.000,-2732,8713,-21001,-1.456,0.494,-18.243
[2025/02/25 14;49;41][ 10.07][      43]:     -320.312500,-468.750000,15617.187500,0.488,1.221,0.000,-2742,8730,-21025,-1.450,0.533,-18.243
[2025/02/25 14;49;41][ 10.08][      44]:     335.937500,-242.187500,17343.750000,-0.793,6.836,0.427,-2744,8724,-21123,-1.412,0.648,-18.243
[2025/02/25 14;49;41][ 10.08][      45]:     -3031.250000,-3242.187500,5484.375000,18.188,79.773,0.854,-2531,8741,-21224,-1.165,4.043,-17.084
[2025/02/25 14;49;41][ 10.08][      46]:     -2093.750000,109.375000,16937.500000,-1.648,58.716,9.399,-2020,8778,-21547,-0.884,8.031,-16.760
[2025/02/25 14;49;41][ 10.08][      47]:     -4179.687500,-289.062500,16179.687500,-0.244,92.896,1.831,-1240,8839,-21924,-0.901,15.936,-17.084
[2025/02/25 14;49;41][ 10.08][      48]:     -6320.312500,-328.125000,15656.250000,-4.639,69.031,-2.319,-180,8886,-22172,-1.176,24.159,-17.336
[2025/02/25 14;49;41][ 10.08][      49]:     -10296.875000,242.187500,13859.375000,4.944,83.679,-5.615,749,8961,-22180,-1.384,31.410,-17.699
[2025/02/25 14;49;41][ 10.08][      50]:     -10765.625000,-250.000000,10281.250000,1.892,79.590,0.488,1753,8982,-21969,-1.324,40.770,-18.633
[2025/02/25 14;49;42][ 10.08][      51]:     -12054.687500,-492.187500,9796.875000,13.916,43.640,-10.498,2567,8968,-21645,-1.252,46.829,-19.232
[2025/02/25 14;49;42][ 10.08][      52]:     -12757.812500,-203.125000,8164.062500,0.244,-22.278,-0.854,2903,8936,-21477,-1.214,47.747,-19.968
[2025/02/25 14;49;42][ 10.08][      53]:     -10710.937500,-164.062500,10039.062500,0.427,-125.122,-3.906,2551,8937,-21714,-1.263,39.880,-20.072
[2025/02/25 14;49;42][ 10.08][      54]:     -5671.875000,-23.437500,15265.625000,8.606,-191.406,19.409,1184,8913,-22115,-1.049,23.708,-18.463
[2025/02/25 14;49;42][ 10.02][      55]:     -406.250000,-523.437500,16031.250000,-1.282,-192.566,23.865,-741,8845,-21905,-0.857,6.630,-16.606
[2025/02/25 14;49;42][ 10.02][      56]:     -46.875000,-375.000000,16070.312500,0.366,-0.061,-10.803,-2178,8829,-21122,-1.296,0.818,-16.754
[2025/02/25 14;49;42][ 10.02][      57]:     93.750000,-351.562500,16562.500000,-2.869,4.150,0.000,-2487,8801,-20943,-1.401,1.088,-16.765
[2025/02/25 14;49;42][ 10.02][      58]:     -171.875000,-437.500000,15835.937500,-0.793,1.953,0.000,-2516,8806,-20881,-1.428,1.000,-16.694
[2025/02/25 14;49;42][ 10.02][      59]:     -7.812500,-390.625000,16179.687500,0.732,-1.709,0.000,-2518,8800,-20882,-1.423,0.983,-16.628
[2025/02/25 14;49;42][ 10.02][      60]:     -132.812500,-398.437500,15937.500000,0.061,-0.305,0.000,-2535,8821,-20923,-1.428,0.972,-16.562
[2025/02/25 14;49;43][ 10.02][      61]:     -132.812500,-390.625000,16015.625000,0.000,-0.061,0.061,-2529,8800,-20947,-1.428,0.939,-16.507
[2025/02/25 14;49;43][ 10.02][      62]:     -132.812500,-421.875000,15976.562500,0.061,-0.122,0.000,-2540,8813,-20924,-1.428,0.917,-16.452
[2025/02/25 14;49;43][ 10.02][      63]:     -93.750000,-429.687500,16007.812500,-0.061,-0.183,0.000,-2524,8798,-20913,-1.428,0.890,-16.397
[2025/02/25 14;49;43][ 10.02][      64]:     -109.375000,-382.812500,16031.250000,0.122,-0.183,0.000,-2519,8816,-20970,-1.428,0.862,-16.348
[2025/02/25 14;49;43][ 10.02][      65]:     -109.375000,-359.375000,16007.812500,-0.183,0.000,0.000,-2525,8814,-20958,-1.434,0.846,-16.298
[2025/02/25 14;49;43][ 10.07][      66]:     -140.625000,-414.062500,16046.875000,0.061,0.000,0.000,-2528,8798,-20960,-1.434,0.824,-16.254
[2025/02/25 14;49;43][ 10.07][      67]:     -148.437500,-437.500000,15992.187500,0.000,0.000,0.000,-2522,8805,-20971,-1.434,0.802,-16.216
[2025/02/25 14;49;43][ 10.07][      68]:     -156.250000,-398.437500,16015.625000,0.000,0.061,0.000,-2519,8807,-21023,-1.434,0.786,-16.172
[2025/02/25 14;49;43][ 10.07][      69]:     -164.062500,-343.750000,16000.000000,0.000,0.000,0.000,-2518,8801,-21026,-1.434,0.769,-16.139
[2025/02/25 14;49;43][ 10.07][      70]:     -140.625000,-382.812500,15968.750000,-0.061,0.244,0.000,-2527,8813,-20987,-1.434,0.753,-16.106
[2025/02/25 14;49;44][ 10.07][      71]:     -148.437500,-445.312500,15984.375000,0.061,0.000,0.000,-2533,8814,-20915,-1.434,0.736,-16.073
[2025/02/25 14;49;44][ 10.07][      72]:     -117.187500,-414.062500,15945.312500,0.000,0.000,0.000,-2522,8806,-20953,-1.434,0.720,-16.040
[2025/02/25 14;49;44][ 10.07][      73]:     -109.375000,-437.500000,15976.562500,0.061,0.000,0.000,-2525,8798,-20963,-1.434,0.709,-16.013
[2025/02/25 14;49;44][ 10.07][      74]:     -132.812500,-484.375000,16039.062500,0.000,0.000,0.000,-2529,8816,-20996,-1.434,0.692,-15.985
[2025/02/25 14;49;44][ 10.07][      75]:     -93.750000,-437.500000,15976.562500,0.122,0.000,0.000,-2538,8800,-20998,-1.428,0.676,-15.958
[2025/02/25 14;49;44][ 10.07][      76]:     -117.187500,-414.062500,16007.812500,0.000,0.000,0.000,-2524,8812,-20955,-1.428,0.665,-15.930
[2025/02/25 14;49;44][ 10.09][      77]:     -117.187500,-382.812500,15984.375000,0.000,0.061,0.000,-2529,8814,-20987,-1.428,0.659,-15.908
[2025/02/25 14;49;44][ 10.09][      78]:     -164.062500,-421.875000,15992.187500,0.000,0.000,0.000,-2528,8806,-20989,-1.434,0.648,-15.886
[2025/02/25 14;49;44][ 10.09][      79]:     -187.500000,-421.875000,16007.812500,0.000,0.061,0.000,-2525,8814,-20888,-1.434,0.637,-15.870
[2025/02/25 14;49;44][ 10.09][      80]:     -125.000000,-414.062500,16015.625000,0.000,-0.061,0.000,-2520,8822,-20945,-1.434,0.626,-15.848
[2025/02/25 14;49;45][ 10.09][      81]:     -85.937500,-398.437500,15976.562500,-0.061,0.122,0.000,-2525,8820,-20912,-1.434,0.615,-15.831
[2025/02/25 14;49;45][ 10.09][      82]:     -179.687500,-406.250000,16039.062500,0.122,-0.183,0.000,-2532,8821,-20894,-1.434,0.604,-15.815
[2025/02/25 14;49;45][ 10.09][      83]:     -125.000000,-382.812500,16007.812500,0.000,-0.061,0.000,-2533,8795,-20903,-1.434,0.593,-15.798
[2025/02/25 14;49;45][ 10.09][      84]:     -117.187500,-390.625000,15968.750000,0.000,0.000,0.000,-2522,8795,-20903,-1.434,0.588,-15.782
[2025/02/25 14;49;45][ 10.09][      85]:     -93.750000,-414.062500,16015.625000,0.122,-0.122,0.000,-2530,8807,-20936,-1.434,0.582,-15.765
[2025/02/25 14;49;45][ 10.09][      86]:     -140.625000,-398.437500,16007.812500,0.061,0.000,0.000,-2524,8814,-20949,-1.428,0.577,-15.754
[2025/02/25 14;49;45][ 10.09][      87]:     -148.437500,-437.500000,15976.562500,0.061,0.000,0.000,-2543,8811,-20985,-1.428,0.571,-15.743
[2025/02/25 14;49;45][ 10.07][      88]:     -156.250000,-414.062500,15992.187500,0.122,-0.061,0.000,-2534,8821,-20978,-1.428,0.566,-15.727
[2025/02/25 14;49;45][ 10.07][      89]:     -179.687500,-429.687500,16015.625000,0.000,0.000,0.000,-2520,8809,-20987,-1.423,0.555,-15.716
[2025/02/25 14;49;45][ 10.07][      90]:     -125.000000,-351.562500,16000.000000,0.000,0.000,0.000,-2526,8803,-20942,-1.428,0.555,-15.710
[2025/02/25 14;49;46][ 10.07][      91]:     -109.375000,-375.000000,16023.437500,0.000,0.000,0.000,-2527,8793,-20926,-1.428,0.549,-15.699
[2025/02/25 14;49;46][ 10.07][      92]:     -179.687500,-398.437500,16062.500000,0.000,0.000,0.000,-2524,8798,-20890,-1.428,0.549,-15.688
[2025/02/25 14;49;46][ 10.07][      93]:     -140.625000,-375.000000,16000.000000,0.000,0.000,0.000,-2534,8811,-20951,-1.428,0.549,-15.677
[2025/02/25 14;49;46][ 10.07][      94]:     -156.250000,-421.875000,16007.812500,0.000,0.000,0.000,-2536,8810,-20941,-1.428,0.544,-15.672
[2025/02/25 14;49;46][ 10.07][      95]:     -156.250000,-429.687500,16015.625000,0.000,0.000,0.000,-2531,8814,-20978,-1.434,0.544,-15.661
[2025/02/25 14;49;46][ 10.07][      96]:     -164.062500,-414.062500,15953.125000,0.000,0.000,0.000,-2520,8796,-21001,-1.434,0.538,-15.656
[2025/02/25 14;49;46][ 10.07][      97]:     -179.687500,-421.875000,16007.812500,0.000,0.000,0.000,-2524,8806,-20985,-1.434,0.538,-15.650
[2025/02/25 14;49;46][ 10.07][      98]:     -164.062500,-421.875000,16000.000000,0.000,0.000,0.000,-2526,8805,-20937,-1.439,0.533,-15.645
[2025/02/25 14;49;46][ 10.09][      99]:     -140.625000,-414.062500,15984.375000,0.000,0.000,0.000,-2525,8805,-20950,-1.439,0.533,-15.639
[2025/02/25 14;49;46][ 10.09][     100]:     -117.187500,-406.250000,16023.437500,0.000,0.000,0.000,-2527,8808,-20961,-1.439,0.533,-15.628
[2025/02/25 14;49;47][ 10.09][     101]:     -140.625000,-421.875000,16015.625000,0.000,0.000,0.000,-2530,8801,-20989,-1.439,0.527,-15.623
[2025/02/25 14;49;47][ 10.09][     102]:     -140.625000,-398.437500,15968.750000,0.000,0.000,0.000,-2516,8813,-21012,-1.445,0.527,-15.623
[2025/02/25 14;49;47][ 10.09][     103]:     -125.000000,-382.812500,16000.000000,0.000,0.000,0.000,-2529,8818,-21004,-1.445,0.527,-15.617
[2025/02/25 14;49;47][ 10.09][     104]:     -148.437500,-421.875000,15890.625000,0.000,0.000,0.000,-2532,8823,-21005,-1.445,0.522,-15.612
[2025/02/25 14;49;47][ 10.09][     105]:     -117.187500,-437.500000,16039.062500,0.000,0.000,0.000,-2524,8814,-20982,-1.450,0.522,-15.606
[2025/02/25 14;49;47][ 10.09][     106]:     -132.812500,-406.250000,15992.187500,0.000,0.000,0.000,-2525,8812,-20988,-1.450,0.522,-15.601
[2025/02/25 14;49;47][ 10.09][     107]:     -187.500000,-382.812500,15796.875000,0.000,0.000,0.000,-2532,8821,-20987,-1.450,0.516,-15.601
[2025/02/25 14;49;47][ 10.09][     108]:     -70.312500,-460.937500,15906.250000,-0.122,0.183,0.000,-2528,8808,-21043,-1.450,0.516,-15.595
[2025/02/25 14;49;47][ 10.09][     109]:     -125.000000,-492.187500,15898.437500,-0.366,0.244,0.000,-2533,8815,-20989,-1.450,0.511,-15.590
[2025/02/25 14;49;47][ 10.09][     110]:     -179.687500,-398.437500,16289.062500,-0.183,-0.061,0.000,-2522,8813,-21012,-1.450,0.505,-15.590
[2025/02/25 14;49;48][ 10.09][     111]:     -148.437500,-414.062500,16054.687500,-0.122,0.061,0.000,-2535,8815,-21000,-1.450,0.505,-15.584
[2025/02/25 14;49;48][ 10.09][     112]:     -46.875000,-367.187500,16468.750000,0.000,-0.122,0.000,-2534,8818,-20974,-1.445,0.500,-15.584
[2025/02/25 14;49;48][ 10.09][     113]:     -85.937500,-382.812500,16039.062500,0.061,-0.122,0.000,-2542,8797,-20973,-1.439,0.494,-15.579
[2025/02/25 14;49;48][ 10.09][     114]:     -132.812500,-390.625000,15984.375000,0.244,-0.305,0.000,-2530,8802,-21022,-1.439,0.489,-15.579
[2025/02/25 14;49;48][ 10.09][     115]:     -85.937500,-476.562500,16031.250000,0.000,0.000,0.000,-2535,8813,-21034,-1.434,0.489,-15.573
[2025/02/25 14;49;48][ 10.09][     116]:     -125.000000,-429.687500,16031.250000,0.000,0.000,0.000,-2527,8804,-21013,-1.434,0.489,-15.573
[2025/02/25 14;49;48][ 10.09][     117]:     -140.625000,-429.687500,16007.812500,-0.122,0.000,0.000,-2535,8815,-20979,-1.434,0.489,-15.568
[2025/02/25 14;49;48][ 10.09][     118]:     -132.812500,-390.625000,15984.375000,-0.061,-0.061,0.000,-2542,8805,-20986,-1.439,0.489,-15.568
[2025/02/25 14;49;48][ 10.09][     119]:     -132.812500,-398.437500,15976.562500,0.000,-0.061,0.000,-2535,8805,-21017,-1.439,0.489,-15.568
[2025/02/25 14;49;48][ 10.07][     120]:     -148.437500,-421.875000,15984.375000,0.000,0.000,0.000,-2542,8797,-20988,-1.434,0.483,-15.562
[2025/02/25 14;49;49][ 10.07][     121]:     -164.062500,-437.500000,15976.562500,0.000,0.000,0.000,-2539,8798,-20955,-1.439,0.483,-15.562
[2025/02/25 14;49;49][ 10.07][     122]:     -164.062500,-390.625000,16007.812500,0.000,0.061,0.000,-2548,8808,-21015,-1.434,0.483,-15.562
[2025/02/25 14;49;49][ 10.07][     123]:     -109.375000,-351.562500,16007.812500,0.000,0.000,0.000,-2531,8814,-20996,-1.439,0.483,-15.557
[2025/02/25 14;49;49][ 10.07][     124]:     -164.062500,-390.625000,15992.187500,0.000,0.000,0.000,-2536,8800,-21030,-1.439,0.483,-15.557
[2025/02/25 14;49;49][ 10.07][     125]:     -156.250000,-429.687500,16031.250000,0.000,0.000,0.000,-2536,8802,-21027,-1.439,0.483,-15.557
[2025/02/25 14;49;49][ 10.07][     126]:     -109.375000,-445.312500,15945.312500,0.000,0.000,0.000,-2537,8807,-21072,-1.445,0.489,-15.557
[2025/02/25 14;49;49][ 10.07][     127]:     -156.250000,-445.312500,16031.250000,0.000,0.000,0.000,-2527,8804,-21064,-1.445,0.489,-15.557
[2025/02/25 14;49;49][ 10.07][     128]:     -164.062500,-429.687500,16015.625000,0.000,0.000,0.000,-2537,8809,-21066,-1.445,0.489,-15.551
[2025/02/25 14;49;49][ 10.07][     129]:     -156.250000,-398.437500,16031.250000,0.000,0.000,0.000,-2546,8794,-20960,-1.450,0.489,-15.551
[2025/02/25 14;49;49][ 10.07][     130]:     -117.187500,-406.250000,15976.562500,0.000,0.000,0.000,-2525,8802,-20986,-1.450,0.489,-15.551
[2025/02/25 14;49;50][ 10.07][     131]:     -78.125000,-375.000000,16031.250000,0.000,0.000,0.000,-2530,8800,-20935,-1.450,0.489,-15.551
[2025/02/25 14;49;50][ 10.07][     132]:     -109.375000,-421.875000,15984.375000,0.000,0.000,0.000,-2531,8806,-20948,-1.450,0.489,-15.551
[2025/02/25 14;49;50][ 10.07][     133]:     -117.187500,-406.250000,16007.812500,0.000,0.000,0.000,-2528,8802,-20998,-1.450,0.489,-15.551
[2025/02/25 14;49;50][ 10.07][     134]:     -109.375000,-414.062500,16000.000000,0.000,0.000,0.000,-2533,8814,-20990,-1.450,0.489,-15.546
[2025/02/25 14;49;50][ 10.07][     135]:     -117.187500,-429.687500,16054.687500,0.000,0.000,0.000,-2533,8811,-21008,-1.450,0.494,-15.546
[2025/02/25 14;49;50][ 10.07][     136]:     -140.625000,-375.000000,16031.250000,0.000,0.000,0.000,-2537,8794,-20989,-1.450,0.494,-15.546
[2025/02/25 14;49;50][ 10.07][     137]:     -148.437500,-398.437500,15960.937500,0.000,0.000,0.000,-2528,8787,-21000,-1.450,0.494,-15.546
[2025/02/25 14;49;50][ 10.07][     138]:     -148.437500,-398.437500,16000.000000,0.000,0.000,0.000,-2531,8794,-20974,-1.456,0.494,-15.546
[2025/02/25 14;49;50][ 10.07][     139]:     -179.687500,-429.687500,16007.812500,0.000,0.000,0.000,-2525,8795,-20973,-1.456,0.494,-15.546
[2025/02/25 14;49;50][ 10.07][     140]:     -203.125000,-382.812500,16054.687500,0.000,0.000,0.000,-2526,8812,-20937,-1.456,0.494,-15.546
[2025/02/25 14;49;50][ 10.08][     141]:     -109.375000,-359.375000,15984.375000,0.000,0.000,0.000,-2534,8815,-20935,-1.456,0.494,-15.546
[2025/02/25 14;49;51][ 10.08][     142]:     -125.000000,-421.875000,16000.000000,0.000,0.000,0.000,-2535,8802,-20934,-1.456,0.494,-15.546
[2025/02/25 14;49;51][ 10.08][     143]:     -117.187500,-414.062500,16023.437500,0.000,0.000,0.000,-2523,8804,-20993,-1.456,0.489,-15.540
[2025/02/25 14;49;51][ 10.08][     144]:     -164.062500,-421.875000,15976.562500,0.000,0.000,0.000,-2534,8798,-21022,-1.456,0.489,-15.540
[2025/02/25 14;49;51][ 10.08][     145]:     -156.250000,-421.875000,15984.375000,0.000,0.000,0.000,-2529,8803,-20978,-1.461,0.489,-15.540
[2025/02/25 14;49;51][ 10.08][     146]:     -93.750000,-414.062500,16039.062500,0.000,0.000,0.000,-2542,8805,-20940,-1.461,0.489,-15.540
[2025/02/25 14;49;51][ 10.08][     147]:     -148.437500,-375.000000,15992.187500,0.000,0.000,0.000,-2544,8820,-20927,-1.461,0.494,-15.540
[2025/02/25 14;49;51][ 10.08][     148]:     -85.937500,-421.875000,15984.375000,0.000,0.000,0.000,-2535,8810,-20914,-1.461,0.494,-15.540
[2025/02/25 14;49;51][ 10.08][     149]:     -125.000000,-398.437500,16015.625000,0.000,0.000,0.000,-2531,8802,-20898,-1.461,0.489,-15.540
[2025/02/25 14;49;51][ 10.08][     150]:     -171.875000,-453.125000,15992.187500,0.000,0.000,0.000,-2519,8806,-20896,-1.461,0.489,-15.540
[2025/02/25 14;49;51][ 10.08][     151]:     -164.062500,-414.062500,15984.375000,0.000,0.000,0.000,-2527,8799,-20889,-1.461,0.494,-15.540
[2025/02/25 14;49;52][ 10.08][     152]:     -132.812500,-382.812500,16007.812500,0.000,0.000,0.000,-2520,8803,-20926,-1.461,0.494,-15.540
[2025/02/25 14;49;52][ 10.08][     153]:     -132.812500,-421.875000,16015.625000,0.000,0.000,0.000,-2523,8791,-20921,-1.461,0.489,-15.540
[2025/02/25 14;49;52][ 10.08][     154]:     -148.437500,-414.062500,16000.000000,0.000,0.000,0.000,-2537,8804,-20883,-1.461,0.489,-15.540
[2025/02/25 14;49;52][ 10.08][     155]:     -164.062500,-429.687500,15976.562500,0.000,0.000,0.000,-2532,8797,-20885,-1.461,0.489,-15.540
[2025/02/25 14;49;52][ 10.08][     156]:     -117.187500,-375.000000,16054.687500,0.000,0.000,0.000,-2544,8805,-20836,-1.461,0.489,-15.540
[2025/02/25 14;49;52][ 10.08][     157]:     -156.250000,-398.437500,15976.562500,0.000,0.000,0.000,-2542,8814,-20832,-1.461,0.489,-15.540
[2025/02/25 14;49;52][ 10.08][     158]:     -117.187500,-375.000000,16062.500000,0.000,0.000,0.000,-2534,8808,-20871,-1.461,0.489,-15.540
[2025/02/25 14;49;52][ 10.08][     159]:     -140.625000,-437.500000,16000.000000,0.000,0.000,0.000,-2535,8813,-20874,-1.461,0.489,-15.540
[2025/02/25 14;49;52][ 10.08][     160]:     -140.625000,-421.875000,16000.000000,0.000,0.000,0.000,-2531,8811,-20911,-1.461,0.489,-15.540
[2025/02/25 14;49;52][ 10.08][     161]:     -117.187500,-421.875000,16023.437500,0.000,0.000,0.000,-2536,8804,-20852,-1.461,0.489,-15.540
[2025/02/25 14;49;53][ 10.08][     162]:     -132.812500,-437.500000,15968.750000,0.000,0.000,0.000,-2528,8803,-20848,-1.461,0.483,-15.540
[2025/02/25 14;49;53][ 10.08][     163]:     -125.000000,-429.687500,15976.562500,0.000,0.000,0.000,-2535,8798,-20884,-1.461,0.483,-15.540
[2025/02/25 14;49;53][ 10.08][     164]:     -117.187500,-421.875000,15968.750000,0.000,0.000,0.000,-2532,8796,-20924,-1.461,0.483,-15.540
[2025/02/25 14;49;53][ 10.08][     165]:     -148.437500,-382.812500,15984.375000,0.000,0.000,0.000,-2531,8817,-20923,-1.461,0.483,-15.540
[2025/02/25 14;49;53][ 10.08][     166]:     -85.937500,-398.437500,15960.937500,0.000,0.000,0.000,-2528,8806,-20874,-1.461,0.483,-15.535
